<?xml version="1.0" encoding="UTF-8"?>
<!-- Generated by org.testng.reporters.JUnitReportReporter -->
<testsuite skipped="0" hostname="DESKTOP-9P1MDVM" name="tests.TestSampleFrameWork" tests="1" failures="0" timestamp="09 Sep 2020 06:05:21 GMT" time="22.701" errors="0">
  <testcase name="submit" time="22.701" classname="tests.TestSampleFrameWork"/>
</testsuite> <!-- tests.TestSampleFrameWork -->
